# JRE version: Java(TM) SE Runtime Environment (8.0_261-b12) (build 1.8.0_261-b12)
# Java VM: Java HotSpot(TM) 64-Bit Server VM (25.261-b12 mixed mode windows-amd64 compressed oops)
Heap:
 PSYoungGen      total 120832K, used 59987K [0x0000000788800000, 0x0000000793c00000, 0x00000007c0000000)
  eden space 78848K, 66% used [0x0000000788800000,0x000000078bb1c2f8,0x000000078d500000)
  from space 41984K, 18% used [0x000000078d500000,0x000000078dc78990,0x000000078fe00000)
  to   space 41984K, 0% used [0x0000000791300000,0x0000000791300000,0x0000000793c00000)
 ParOldGen       total 122368K, used 96657K [0x0000000719800000, 0x0000000720f80000, 0x0000000788800000)
  object space 122368K, 78% used [0x0000000719800000,0x000000071f664618,0x0000000720f80000)
 Metaspace       used 37114K, capacity 38398K, committed 38528K, reserved 1083392K
  class space    used 4952K, capacity 5178K, committed 5248K, reserved 1048576K
GC Heap History (10 events):
Event: 7.510 GC heap before
{Heap before GC invocations=9 (full 2):
 PSYoungGen      total 56832K, used 48971K [0x0000000788800000, 0x0000000790280000, 0x00000007c0000000)
  eden space 37376K, 100% used [0x0000000788800000,0x000000078ac80000,0x000000078ac80000)
  from space 19456K, 59% used [0x000000078cc00000,0x000000078d752f70,0x000000078df00000)
  to   space 32256K, 0% used [0x000000078ac80000,0x000000078ac80000,0x000000078cc00000)
 ParOldGen       total 122368K, used 50015K [0x0000000719800000, 0x0000000720f80000, 0x0000000788800000)
  object space 122368K, 40% used [0x0000000719800000,0x000000071c8d7c70,0x0000000720f80000)
 Metaspace       used 32860K, capacity 33820K, committed 33920K, reserved 1079296K
  class space    used 4535K, capacity 4709K, committed 4736K, reserved 1048576K
Event: 7.526 GC heap after
Heap after GC invocations=9 (full 2):
 PSYoungGen      total 69632K, used 24293K [0x0000000788800000, 0x0000000790980000, 0x00000007c0000000)
  eden space 37376K, 0% used [0x0000000788800000,0x0000000788800000,0x000000078ac80000)
  from space 32256K, 75% used [0x000000078ac80000,0x000000078c439760,0x000000078cc00000)
  to   space 34816K, 0% used [0x000000078e780000,0x000000078e780000,0x0000000790980000)
 ParOldGen       total 122368K, used 50042K [0x0000000719800000, 0x0000000720f80000, 0x0000000788800000)
  object space 122368K, 40% used [0x0000000719800000,0x000000071c8de8a0,0x0000000720f80000)
 Metaspace       used 32860K, capacity 33820K, committed 33920K, reserved 1079296K
  class space    used 4535K, capacity 4709K, committed 4736K, reserved 1048576K
}
Event: 8.707 GC heap before
{Heap before GC invocations=10 (full 2):
 PSYoungGen      total 69632K, used 61669K [0x0000000788800000, 0x0000000790980000, 0x00000007c0000000)
  eden space 37376K, 100% used [0x0000000788800000,0x000000078ac80000,0x000000078ac80000)
  from space 32256K, 75% used [0x000000078ac80000,0x000000078c439760,0x000000078cc00000)
  to   space 34816K, 0% used [0x000000078e780000,0x000000078e780000,0x0000000790980000)
 ParOldGen       total 122368K, used 50042K [0x0000000719800000, 0x0000000720f80000, 0x0000000788800000)
  object space 122368K, 40% used [0x0000000719800000,0x000000071c8de8a0,0x0000000720f80000)
 Metaspace       used 34244K, capacity 35402K, committed 35712K, reserved 1079296K
  class space    used 4694K, capacity 4892K, committed 4992K, reserved 1048576K
Event: 8.731 GC heap after
Heap after GC invocations=10 (full 2):
 PSYoungGen      total 94720K, used 27307K [0x0000000788800000, 0x0000000790e00000, 0x00000007c0000000)
  eden space 59904K, 0% used [0x0000000788800000,0x0000000788800000,0x000000078c280000)
  from space 34816K, 78% used [0x000000078e780000,0x000000079022af70,0x0000000790980000)
  to   space 37888K, 0% used [0x000000078c280000,0x000000078c280000,0x000000078e780000)
 ParOldGen       total 122368K, used 50050K [0x0000000719800000, 0x0000000720f80000, 0x0000000788800000)
  object space 122368K, 40% used [0x0000000719800000,0x000000071c8e08a0,0x0000000720f80000)
 Metaspace       used 34244K, capacity 35402K, committed 35712K, reserved 1079296K
  class space    used 4694K, capacity 4892K, committed 4992K, reserved 1048576K
}
Event: 17.411 GC heap before
{Heap before GC invocations=11 (full 2):
 PSYoungGen      total 94720K, used 87211K [0x0000000788800000, 0x0000000790e00000, 0x00000007c0000000)
  eden space 59904K, 100% used [0x0000000788800000,0x000000078c280000,0x000000078c280000)
  from space 34816K, 78% used [0x000000078e780000,0x000000079022af70,0x0000000790980000)
  to   space 37888K, 0% used [0x000000078c280000,0x000000078c280000,0x000000078e780000)
 ParOldGen       total 122368K, used 50050K [0x0000000719800000, 0x0000000720f80000, 0x0000000788800000)
  object space 122368K, 40% used [0x0000000719800000,0x000000071c8e08a0,0x0000000720f80000)
 Metaspace       used 36389K, capacity 37602K, committed 37632K, reserved 1081344K
  class space    used 4922K, capacity 5108K, committed 5120K, reserved 1048576K
Event: 17.439 GC heap after
Heap after GC invocations=11 (full 2):
 PSYoungGen      total 97792K, used 36505K [0x0000000788800000, 0x0000000792c80000, 0x00000007c0000000)
  eden space 59904K, 0% used [0x0000000788800000,0x0000000788800000,0x000000078c280000)
  from space 37888K, 96% used [0x000000078c280000,0x000000078e626780,0x000000078e780000)
  to   space 43520K, 0% used [0x0000000790200000,0x0000000790200000,0x0000000792c80000)
 ParOldGen       total 122368K, used 61673K [0x0000000719800000, 0x0000000720f80000, 0x0000000788800000)
  object space 122368K, 50% used [0x0000000719800000,0x000000071d43a6a0,0x0000000720f80000)
 Metaspace       used 36389K, capacity 37602K, committed 37632K, reserved 1081344K
  class space    used 4922K, capacity 5108K, committed 5120K, reserved 1048576K
}
Event: 40.427 GC heap before
{Heap before GC invocations=12 (full 2):
 PSYoungGen      total 97792K, used 96409K [0x0000000788800000, 0x0000000792c80000, 0x00000007c0000000)
  eden space 59904K, 100% used [0x0000000788800000,0x000000078c280000,0x000000078c280000)
  from space 37888K, 96% used [0x000000078c280000,0x000000078e626780,0x000000078e780000)
  to   space 43520K, 0% used [0x0000000790200000,0x0000000790200000,0x0000000792c80000)
 ParOldGen       total 122368K, used 61673K [0x0000000719800000, 0x0000000720f80000, 0x0000000788800000)
  object space 122368K, 50% used [0x0000000719800000,0x000000071d43a6a0,0x0000000720f80000)
 Metaspace       used 36818K, capacity 38040K, committed 38272K, reserved 1083392K
  class space    used 4944K, capacity 5145K, committed 5248K, reserved 1048576K
Event: 40.453 GC heap after
Heap after GC invocations=12 (full 2):
 PSYoungGen      total 116736K, used 22780K [0x0000000788800000, 0x0000000792700000, 0x00000007c0000000)
  eden space 78848K, 0% used [0x0000000788800000,0x0000000788800000,0x000000078d500000)
  from space 37888K, 60% used [0x0000000790200000,0x000000079183f220,0x0000000792700000)
  to   space 41984K, 0% used [0x000000078d500000,0x000000078d500000,0x000000078fe00000)
 ParOldGen       total 122368K, used 76674K [0x0000000719800000, 0x0000000720f80000, 0x0000000788800000)
  object space 122368K, 62% used [0x0000000719800000,0x000000071e2e0aa0,0x0000000720f80000)
 Metaspace       used 36818K, capacity 38040K, committed 38272K, reserved 1083392K
  class space    used 4944K, capacity 5145K, committed 5248K, reserved 1048576K
}
Event: 157.002 GC heap before
{Heap before GC invocations=13 (full 2):
 PSYoungGen      total 116736K, used 101628K [0x0000000788800000, 0x0000000792700000, 0x00000007c0000000)
  eden space 78848K, 100% used [0x0000000788800000,0x000000078d500000,0x000000078d500000)
  from space 37888K, 60% used [0x0000000790200000,0x000000079183f220,0x0000000792700000)
  to   space 41984K, 0% used [0x000000078d500000,0x000000078d500000,0x000000078fe00000)
 ParOldGen       total 122368K, used 76674K [0x0000000719800000, 0x0000000720f80000, 0x0000000788800000)
  object space 122368K, 62% used [0x0000000719800000,0x000000071e2e0aa0,0x0000000720f80000)
 Metaspace       used 37056K, capacity 38264K, committed 38528K, reserved 1083392K
  class space    used 4951K, capacity 5177K, committed 5248K, reserved 1048576K
Event: 157.037 GC heap after
Heap after GC invocations=13 (full 2):
 PSYoungGen      total 120832K, used 7650K [0x0000000788800000, 0x0000000793c00000, 0x00000007c0000000)
  eden space 78848K, 0% used [0x0000000788800000,0x0000000788800000,0x000000078d500000)
  from space 41984K, 18% used [0x000000078d500000,0x000000078dc78990,0x000000078fe00000)
  to   space 41984K, 0% used [0x0000000791300000,0x0000000791300000,0x0000000793c00000)
 ParOldGen       total 122368K, used 96657K [0x0000000719800000, 0x0000000720f80000, 0x0000000788800000)
  object space 122368K, 78% used [0x0000000719800000,0x000000071f664618,0x0000000720f80000)
 Metaspace       used 37056K, capacity 38264K, committed 38528K, reserved 1083392K
  class space    used 4951K, capacity 5177K, committed 5248K, reserved 1048576K
}

